<?xml version="1.0" encoding="UTF-8"?>
<!-- Generated by org.testng.reporters.JUnitXMLReporter -->
<testsuite hostname="Shiva" name="Test" tests="4" failures="0" timestamp="30 Sep 2017 13:36:41 GMT" time="0.35" errors="0">
  <testcase name="testOne" time="0.035" classname="testNGClasses.TestNGClassWithBeforeAfter2"/>
  <testcase name="testOne" time="0.046" classname="testNGClasses.TestNGClassWithBeforeAfter"/>
  <testcase name="testTwo" time="0.016" classname="testNGClasses.TestNGClassWithBeforeAfter"/>
  <testcase name="testTwo" time="0.014" classname="testNGClasses.TestNGClassWithBeforeAfter2"/>
</testsuite> <!-- Test -->
