<?xml version="1.0" encoding="UTF-8"?>
<testng-results skipped="0" failed="0" total="1" passed="1">
  <reporter-output>
  </reporter-output>
  <suite name="Default suite" duration-ms="274" started-at="2017-11-04T10:36:44Z" finished-at="2017-11-04T10:36:44Z">
    <groups>
    </groups>
    <test name="Default test" duration-ms="274" started-at="2017-11-04T10:36:44Z" finished-at="2017-11-04T10:36:44Z">
      <class name="testNGClasses.TestCase1">
        <test-method status="PASS" signature="testFB1()[pri:0, instance:testNGClasses.TestCase1@9629756]" name="testFB1" duration-ms="96" started-at="2017-11-04T11:36:44Z" finished-at="2017-11-04T11:36:44Z">
          <reporter-output>
          </reporter-output>
        </test-method> <!-- testFB1 -->
      </class> <!-- testNGClasses.TestCase1 -->
    </test> <!-- Default test -->
  </suite> <!-- Default suite -->
</testng-results>
