<?xml version="1.0" encoding="UTF-8"?>
<!-- Generated by org.testng.reporters.JUnitXMLReporter -->
<testsuite hostname="Shiva" name="SmokeTest" tests="3" failures="1" timestamp="29 Sep 2017 08:58:39 GMT" time="0.476" errors="0">
  <testcase name="testWord" time="0.219" classname="testNGClasses.TestCase3">
    <failure type="java.lang.AssertionError">
      <![CDATA[java.lang.AssertionError
	at org.junit.Assert.fail(Assert.java:86)
	at org.junit.Assert.assertTrue(Assert.java:41)
	at org.junit.Assert.assertTrue(Assert.java:52)
	at testNGClasses.TestCase3.testWord(TestCase3.java:11)
... Removed 24 stack frames]]>
    </failure>
  </testcase> <!-- testWord -->
  <testcase name="testTwitter" time="0.012" classname="testNGClasses.TestCase2"/>
  <testcase name="testFB" time="0.02" classname="testNGClasses.TestCase1"/>
</testsuite> <!-- SmokeTest -->
